C51 COMPILER V9.54   LCD                                                                   04/12/2020 00:30:44 PAGE 1   


C51 COMPILER V9.54, COMPILATION OF MODULE LCD
OBJECT MODULE PLACED IN lcd.OBJ
COMPILER INVOKED BY: D:\Keil\C51\BIN\C51.EXE lcd.c OPTIMIZE(8,SPEED) BROWSE DEBUG OBJECTEXTEND TABS(2)

line level    source

   1          #include "lcd.h"
   2          
   3          void Lcd1602_Delay1ms(uint c)   //误差 0us
   4          {
   5   1          uchar a,b;
   6   1        for (; c>0; c--)
   7   1        {
   8   2           for (b=199;b>0;b--)
   9   2           {
  10   3              for(a=1;a>0;a--);
  11   3           }      
  12   2        }
  13   1            
  14   1      }
  15          
  16          void LcdWriteCom(uchar com)   //写入命令
  17          {
  18   1        LCD1602_E = 0;     //使能
  19   1        LCD1602_RS = 0;    //选择发送命令
  20   1        LCD1602_RW = 0;    //选择写入
  21   1        
  22   1        LCD1602_DATAPINS = com;     //放入命令
  23   1        Lcd1602_Delay1ms(1);    //等待数据稳定
  24   1      
  25   1        LCD1602_E = 1;            //写入时序
  26   1        Lcd1602_Delay1ms(5);    //保持时间
  27   1        LCD1602_E = 0;
  28   1      }
  29          
  30          void LcdWriteData(uchar dat)      //写入数据
  31          {
  32   1        LCD1602_E = 0;  //使能清零
  33   1        LCD1602_RS = 1; //选择输入数据
  34   1        LCD1602_RW = 0; //选择写入
  35   1      
  36   1        LCD1602_DATAPINS = dat; //写入数据
  37   1        Lcd1602_Delay1ms(1);
  38   1      
  39   1        LCD1602_E = 1;   //写入时序
  40   1        Lcd1602_Delay1ms(5);   //保持时间
  41   1        LCD1602_E = 0;
  42   1      }
  43          
  44          void LcdInit()              //LCD初始化子程序
  45          {
  46   1        LcdWriteCom(0x38);  //开显示 ,选择数据总线
  47   1        LcdWriteCom(0x0e);  //开显示不显示光标
  48   1        LcdWriteCom(0x06);  //写一个指针加1
  49   1        LcdWriteCom(0x01);  //清屏
  50   1        LcdWriteCom(0x80);  //设置数据指针起点
  51   1      }


MODULE INFORMATION:   STATIC OVERLAYABLE
   CODE SIZE        =     87    ----
C51 COMPILER V9.54   LCD                                                                   04/12/2020 00:30:44 PAGE 2   

   CONSTANT SIZE    =   ----    ----
   XDATA SIZE       =   ----    ----
   PDATA SIZE       =   ----    ----
   DATA SIZE        =   ----    ----
   IDATA SIZE       =   ----    ----
   BIT SIZE         =   ----    ----
END OF MODULE INFORMATION.


C51 COMPILATION COMPLETE.  0 WARNING(S),  0 ERROR(S)
